0 verbose cli /opt/homebrew/Cellar/node/26.0.0/bin/node /opt/homebrew/bin/npm
1 info using npm@11.12.1
2 info using node@v26.0.0
3 silly config load:file:/opt/homebrew/lib/node_modules/npm/npmrc
4 silly config load:file:/Users/benhur.senabathi/Documents/Projects/CASS/wise-world/base-surfaces-mobile/mobile/.npmrc
5 silly config load:file:/Users/benhur.senabathi/.npmrc
6 silly config load:file:/opt/homebrew/etc/npmrc
7 verbose title npm install @rive-app/react-canvas
8 verbose argv "install" "@rive-app/react-canvas" "--cache" "/Users/benhur.senabathi/Documents/Projects/CASS/wise-world/base-surfaces-mobile/mobile/.npm-cache" "--legacy-peer-deps"
9 verbose logfile logs-max:10 dir:/Users/benhur.senabathi/Documents/Projects/CASS/wise-world/base-surfaces-mobile/mobile/.npm-cache/_logs/2026-06-16T11_09_18_053Z-
10 verbose logfile /Users/benhur.senabathi/Documents/Projects/CASS/wise-world/base-surfaces-mobile/mobile/.npm-cache/_logs/2026-06-16T11_09_18_053Z-debug-0.log
11 silly logfile done cleaning log files
12 silly packumentCache heap:4395630592 maxSize:1098907648 maxEntrySize:549453824
13 verbose shrinkwrap failed to load node_modules/.package-lock.json out of date, updated: node_modules
14 silly idealTree buildDeps
15 silly fetch manifest @rive-app/react-canvas@*
16 silly packumentCache full:https://registry.npmjs.org/@rive-app%2freact-canvas cache-miss
17 http cache https://registry.npmjs.org/@rive-app%2freact-canvas 14ms (cache hit)
18 silly packumentCache full:https://registry.npmjs.org/@rive-app%2freact-canvas set size:385309 disposed:false
19 silly placeDep ROOT @rive-app/react-canvas@4.29.1 OK for: base-surfaces-mobile@0.0.0 want: *
20 silly fetch manifest @rive-app/canvas@2.38.1
21 silly packumentCache full:https://registry.npmjs.org/@rive-app%2fcanvas cache-miss
22 http cache https://registry.npmjs.org/@rive-app%2fcanvas 29ms (cache hit)
23 silly packumentCache full:https://registry.npmjs.org/@rive-app%2fcanvas set size:713430 disposed:false
24 silly placeDep ROOT @rive-app/canvas@2.38.1 OK for: @rive-app/react-canvas@4.29.1 want: 2.38.1
25 warn EBADENGINE Unsupported engine {
25 warn EBADENGINE   package: '@transferwise/icons@4.3.0',
25 warn EBADENGINE   required: { node: '^24' },
25 warn EBADENGINE   current: { node: 'v26.0.0', npm: '11.12.1' }
25 warn EBADENGINE }
26 warn EBADENGINE Unsupported engine {
26 warn EBADENGINE   package: '@transferwise/neptune-tokens@8.20.3',
26 warn EBADENGINE   required: { node: '^24' },
26 warn EBADENGINE   current: { node: 'v26.0.0', npm: '11.12.1' }
26 warn EBADENGINE }
27 warn EBADENGINE Unsupported engine {
27 warn EBADENGINE   package: '@wise/art@2.29.0',
27 warn EBADENGINE   required: { node: '^24' },
27 warn EBADENGINE   current: { node: 'v26.0.0', npm: '11.12.1' }
27 warn EBADENGINE }
28 silly reify mark retired [
28 silly reify   '/Users/benhur.senabathi/Documents/Projects/CASS/wise-world/base-surfaces-mobile/mobile/node_modules/nanoid',
28 silly reify   '/Users/benhur.senabathi/Documents/Projects/CASS/wise-world/base-surfaces-mobile/mobile/node_modules/.bin/nanoid'
28 silly reify ]
29 silly reify mark retired [
29 silly reify   '/Users/benhur.senabathi/Documents/Projects/CASS/wise-world/base-surfaces-mobile/mobile/node_modules/postcss'
29 silly reify ]
30 silly reify mark retired [
30 silly reify   '/Users/benhur.senabathi/Documents/Projects/CASS/wise-world/base-surfaces-mobile/mobile/node_modules/rollup',
30 silly reify   '/Users/benhur.senabathi/Documents/Projects/CASS/wise-world/base-surfaces-mobile/mobile/node_modules/.bin/rollup'
30 silly reify ]
31 silly reify mark retired [
31 silly reify   '/Users/benhur.senabathi/Documents/Projects/CASS/wise-world/base-surfaces-mobile/mobile/node_modules/@rollup/rollup-darwin-arm64'
31 silly reify ]
32 silly reify moves {
32 silly reify   '/Users/benhur.senabathi/Documents/Projects/CASS/wise-world/base-surfaces-mobile/mobile/node_modules/nanoid': '/Users/benhur.senabathi/Documents/Projects/CASS/wise-world/base-surfaces-mobile/mobile/node_modules/.nanoid-HoS6dMXU',
32 silly reify   '/Users/benhur.senabathi/Documents/Projects/CASS/wise-world/base-surfaces-mobile/mobile/node_modules/.bin/nanoid': '/Users/benhur.senabathi/Documents/Projects/CASS/wise-world/base-surfaces-mobile/mobile/node_modules/.bin/.nanoid-dxlSwgxR',
32 silly reify   '/Users/benhur.senabathi/Documents/Projects/CASS/wise-world/base-surfaces-mobile/mobile/node_modules/postcss': '/Users/benhur.senabathi/Documents/Projects/CASS/wise-world/base-surfaces-mobile/mobile/node_modules/.postcss-J1ilqEnh',
32 silly reify   '/Users/benhur.senabathi/Documents/Projects/CASS/wise-world/base-surfaces-mobile/mobile/node_modules/rollup': '/Users/benhur.senabathi/Documents/Projects/CASS/wise-world/base-surfaces-mobile/mobile/node_modules/.rollup-2flEXA1z',
32 silly reify   '/Users/benhur.senabathi/Documents/Projects/CASS/wise-world/base-surfaces-mobile/mobile/node_modules/.bin/rollup': '/Users/benhur.senabathi/Documents/Projects/CASS/wise-world/base-surfaces-mobile/mobile/node_modules/.bin/.rollup-xpV7J2PC',
32 silly reify   '/Users/benhur.senabathi/Documents/Projects/CASS/wise-world/base-surfaces-mobile/mobile/node_modules/@rollup/rollup-darwin-arm64': '/Users/benhur.senabathi/Documents/Projects/CASS/wise-world/base-surfaces-mobile/mobile/node_modules/@rollup/.rollup-darwin-arm64-yvl0dC4x'
32 silly reify }
33 silly audit bulk request {
33 silly audit   '@babel/code-frame': [ '7.29.0' ],
33 silly audit   '@babel/compat-data': [ '7.29.0' ],
33 silly audit   '@babel/core': [ '7.29.0' ],
33 silly audit   '@babel/generator': [ '7.29.1' ],
33 silly audit   '@babel/helper-compilation-targets': [ '7.28.6' ],
33 silly audit   '@babel/helper-globals': [ '7.28.0' ],
33 silly audit   '@babel/helper-module-imports': [ '7.28.6' ],
33 silly audit   '@babel/helper-module-transforms': [ '7.28.6' ],
33 silly audit   '@babel/helper-plugin-utils': [ '7.28.6' ],
33 silly audit   '@babel/helper-string-parser': [ '7.27.1' ],
33 silly audit   '@babel/helper-validator-identifier': [ '7.28.5' ],
33 silly audit   '@babel/helper-validator-option': [ '7.27.1' ],
33 silly audit   '@babel/helpers': [ '7.28.6' ],
33 silly audit   '@babel/parser': [ '7.29.0' ],
33 silly audit   '@babel/plugin-transform-react-jsx-self': [ '7.27.1' ],
33 silly audit   '@babel/plugin-transform-react-jsx-source': [ '7.27.1' ],
33 silly audit   '@babel/runtime': [ '7.28.6' ],
33 silly audit   '@babel/template': [ '7.28.6' ],
33 silly audit   '@babel/traverse': [ '7.29.0' ],
33 silly audit   '@babel/types': [ '7.29.0' ],
33 silly audit   '@esbuild/aix-ppc64': [ '0.25.12' ],
33 silly audit   '@esbuild/android-arm': [ '0.25.12' ],
33 silly audit   '@esbuild/android-arm64': [ '0.25.12' ],
33 silly audit   '@esbuild/android-x64': [ '0.25.12' ],
33 silly audit   '@esbuild/darwin-arm64': [ '0.25.12' ],
33 silly audit   '@esbuild/darwin-x64': [ '0.25.12' ],
33 silly audit   '@esbuild/freebsd-arm64': [ '0.25.12' ],
33 silly audit   '@esbuild/freebsd-x64': [ '0.25.12' ],
33 silly audit   '@esbuild/linux-arm': [ '0.25.12' ],
33 silly audit   '@esbuild/linux-arm64': [ '0.25.12' ],
33 silly audit   '@esbuild/linux-ia32': [ '0.25.12' ],
33 silly audit   '@esbuild/linux-loong64': [ '0.25.12' ],
33 silly audit   '@esbuild/linux-mips64el': [ '0.25.12' ],
33 silly audit   '@esbuild/linux-ppc64': [ '0.25.12' ],
33 silly audit   '@esbuild/linux-riscv64': [ '0.25.12' ],
33 silly audit   '@esbuild/linux-s390x': [ '0.25.12' ],
33 silly audit   '@esbuild/linux-x64': [ '0.25.12' ],
33 silly audit   '@esbuild/netbsd-arm64': [ '0.25.12' ],
33 silly audit   '@esbuild/netbsd-x64': [ '0.25.12' ],
33 silly audit   '@esbuild/openbsd-arm64': [ '0.25.12' ],
33 silly audit   '@esbuild/openbsd-x64': [ '0.25.12' ],
33 silly audit   '@esbuild/openharmony-arm64': [ '0.25.12' ],
33 silly audit   '@esbuild/sunos-x64': [ '0.25.12' ],
33 silly audit   '@esbuild/win32-arm64': [ '0.25.12' ],
33 silly audit   '@esbuild/win32-ia32': [ '0.25.12' ],
33 silly audit   '@esbuild/win32-x64': [ '0.25.12' ],
33 silly audit   '@floating-ui/core': [ '1.7.5' ],
33 silly audit   '@floating-ui/dom': [ '1.7.6' ],
33 silly audit   '@floating-ui/react': [ '0.27.19', '0.26.28' ],
33 silly audit   '@floating-ui/react-dom': [ '2.1.8' ],
33 silly audit   '@floating-ui/utils': [ '0.2.11' ],
33 silly audit   '@formatjs/ecma402-abstract': [ '2.3.6' ],
33 silly audit   '@formatjs/fast-memoize': [ '2.2.7' ],
33 silly audit   '@formatjs/icu-messageformat-parser': [ '2.11.4' ],
33 silly audit   '@formatjs/icu-skeleton-parser': [ '1.8.16' ],
33 silly audit   '@formatjs/intl': [ '3.1.8' ],
33 silly audit   '@formatjs/intl-localematcher': [ '0.6.2' ],
33 silly audit   '@headlessui/react': [ '2.2.9' ],
33 silly audit   '@internationalized/date': [ '3.11.0' ],
33 silly audit   '@internationalized/message': [ '3.1.8' ],
33 silly audit   '@internationalized/number': [ '3.6.5' ],
33 silly audit   '@internationalized/string': [ '3.2.7' ],
33 silly audit   '@jridgewell/gen-mapping': [ '0.3.13' ],
33 silly audit   '@jridgewell/remapping': [ '2.3.5' ],
33 silly audit   '@jridgewell/resolve-uri': [ '3.1.2' ],
33 silly audit   '@jridgewell/sourcemap-codec': [ '1.5.5' ],
33 silly audit   '@jridgewell/trace-mapping': [ '0.3.31' ],
33 silly audit   '@mediapipe/tasks-vision': [ '0.10.17' ],
33 silly audit   '@monogrid/gainmap-js': [ '3.4.0' ],
33 silly audit   '@popperjs/core': [ '2.11.8' ],
33 silly audit   '@react-aria/focus': [ '3.21.4' ],
33 silly audit   '@react-aria/i18n': [ '3.12.15' ],
33 silly audit   '@react-aria/interactions': [ '3.27.0' ],
33 silly audit   '@react-aria/overlays': [ '3.31.1' ],
33 silly audit   '@react-aria/ssr': [ '3.9.10' ],
33 silly audit   '@react-aria/utils': [ '3.33.0' ],
33 silly audit   '@react-aria/visually-hidden': [ '3.8.30' ],
33 silly audit   '@react-stately/flags': [ '3.1.2' ],
33 silly audit   '@react-stately/overlays': [ '3.6.22' ],
33 silly audit   '@react-stately/utils': [ '3.11.0' ],
33 silly audit   '@react-three/drei': [ '10.7.7' ],
33 silly audit   '@react-three/fiber': [ '9.5.0' ],
33 silly audit   scheduler: [ '0.27.0', '0.23.2' ],
33 silly audit   '@react-types/button': [ '3.15.0' ],
33 silly audit   '@react-types/overlays': [ '3.9.3' ],
33 silly audit   '@react-types/shared': [ '3.33.0' ],
33 silly audit   '@rive-app/react-webgl2': [ '4.27.2' ],
33 silly audit   '@rive-app/webgl2': [ '2.35.3' ],
33 silly audit   '@rolldown/pluginutils': [ '1.0.0-beta.27' ],
33 silly audit   '@rollup/rollup-android-arm-eabi': [ '4.60.4' ],
33 silly audit   '@rollup/rollup-android-arm64': [ '4.60.4' ],
33 silly audit   '@rollup/rollup-darwin-arm64': [ '4.60.4' ],
33 silly audit   '@rollup/rollup-darwin-x64': [ '4.60.4' ],
33 silly audit   '@rollup/rollup-freebsd-arm64': [ '4.60.4' ],
33 silly audit   '@rollup/rollup-freebsd-x64': [ '4.60.4' ],
33 silly audit   '@rollup/rollup-linux-arm-gnueabihf': [ '4.60.4' ],
33 silly audit   '@rollup/rollup-linux-arm-musleabihf': [ '4.60.4' ],
33 silly audit   '@rollup/rollup-linux-arm64-gnu': [ '4.60.4' ],
33 silly audit   '@rollup/rollup-linux-arm64-musl': [ '4.60.4' ],
33 silly audit   '@rollup/rollup-linux-loong64-gnu': [ '4.60.4' ],
33 silly audit   '@rollup/rollup-linux-loong64-musl': [ '4.60.4' ],
33 silly audit   '@rollup/rollup-linux-ppc64-gnu': [ '4.60.4' ],
33 silly audit   '@rollup/rollup-linux-ppc64-musl': [ '4.60.4' ],
33 silly audit   '@rollup/rollup-linux-riscv64-gnu': [ '4.60.4' ],
33 silly audit   '@rollup/rollup-linux-riscv64-musl': [ '4.60.4' ],
33 silly audit   '@rollup/rollup-linux-s390x-gnu': [ '4.60.4' ],
33 silly audit   '@rollup/rollup-linux-x64-gnu': [ '4.60.4' ],
33 silly audit   '@rollup/rollup-linux-x64-musl': [ '4.60.4' ],
33 silly audit   '@rollup/rollup-openbsd-x64': [ '4.60.4' ],
33 silly audit   '@rollup/rollup-openharmony-arm64': [ '4.60.4' ],
33 silly audit   '@rollup/rollup-win32-arm64-msvc': [ '4.60.4' ],
33 silly audit   '@rollup/rollup-win32-ia32-msvc': [ '4.60.4' ],
33 silly audit   '@rollup/rollup-win32-x64-gnu': [ '4.60.4' ],
33 silly audit   '@rollup/rollup-win32-x64-msvc': [ '4.60.4' ],
33 silly audit   '@swc/helpers': [ '0.5.18' ],
33 silly audit   '@tanstack/react-virtual': [ '3.13.18' ],
33 silly audit   '@tanstack/virtual-core': [ '3.13.18' ],
33 silly audit   '@transferwise/components': [ '46.132.1' ],
33 silly audit   '@transferwise/formatting': [ '2.13.7' ],
33 silly audit   '@transferwise/icons': [ '4.3.0' ],
33 silly audit   '@transferwise/neptune-css': [ '14.27.1' ],
33 silly audit   '@transferwise/neptune-tokens': [ '8.20.3' ],
33 silly audit   '@transferwise/neptune-validation': [ '3.3.3' ],
33 silly audit   '@tweenjs/tween.js': [ '23.1.3' ],
33 silly audit   '@types/babel__core': [ '7.20.5' ],
33 silly audit   '@types/babel__generator': [ '7.27.0' ],
33 silly audit   '@types/babel__template': [ '7.4.4' ],
33 silly audit   '@types/babel__traverse': [ '7.28.0' ],
33 silly audit   '@types/d3-array': [ '3.2.2' ],
33 silly audit   '@types/d3-color': [ '3.1.3' ],
33 silly audit   '@types/d3-ease': [ '3.0.2' ],
33 silly audit   '@types/d3-interpolate': [ '3.0.4' ],
33 silly audit   '@types/d3-path': [ '3.1.1' ],
33 silly audit   '@types/d3-scale': [ '4.0.9' ],
33 silly audit   '@types/d3-shape': [ '3.1.8' ],
33 silly audit   '@types/d3-time': [ '3.0.4' ],
33 silly audit   '@types/d3-timer': [ '3.0.2' ],
33 silly audit   '@types/draco3d': [ '1.4.10' ],
33 silly audit   '@types/estree': [ '1.0.8' ],
33 silly audit   '@types/hoist-non-react-statics': [ '3.3.7' ],
33 silly audit   '@types/offscreencanvas': [ '2019.7.3' ],
33 silly audit   '@types/prop-types': [ '15.7.15' ],
33 silly audit   '@types/react': [ '18.3.28' ],
33 silly audit   '@types/react-dom': [ '18.3.7' ],
33 silly audit   '@types/react-reconciler': [ '0.28.9' ],
33 silly audit   '@types/stats.js': [ '0.17.4' ],
33 silly audit   '@types/three': [ '0.164.0' ],
33 silly audit   '@types/webxr': [ '0.5.24' ],
33 silly audit   '@use-gesture/core': [ '10.3.1' ],
33 silly audit   '@use-gesture/react': [ '10.3.1' ],
33 silly audit   '@vitejs/plugin-react': [ '4.7.0' ],
33 silly audit   '@wise/art': [ '2.29.0' ],
33 silly audit   '@wise/components-theming': [ '1.10.1' ],
33 silly audit   agentation: [ '2.3.3' ],
33 silly audit   'base64-arraybuffer': [ '1.0.2' ],
33 silly audit   'base64-js': [ '1.5.1' ],
33 silly audit   'baseline-browser-mapping': [ '2.9.19' ],
33 silly audit   'bidi-js': [ '1.0.3' ],
33 silly audit   browserslist: [ '4.28.1' ],
33 silly audit   buffer: [ '6.0.3' ],
33 silly audit   'camera-controls': [ '3.1.2' ],
33 silly audit   'caniuse-lite': [ '1.0.30001769' ],
33 silly audit   clsx: [ '2.1.1' ],
33 silly audit   commonmark: [ '0.31.2' ],
33 silly audit   'convert-source-map': [ '2.0.0' ],
33 silly audit   'core-js': [ '3.48.0' ],
33 silly audit   'cross-env': [ '7.0.3' ],
33 silly audit   'cross-spawn': [ '7.0.6' ],
33 silly audit   'css-line-break': [ '2.1.0' ],
33 silly audit   csstype: [ '3.2.3' ],
33 silly audit   'd3-array': [ '3.2.4' ],
33 silly audit   'd3-color': [ '3.1.0' ],
33 silly audit   'd3-ease': [ '3.0.1' ],
33 silly audit   'd3-format': [ '3.1.2' ],
33 silly audit   'd3-interpolate': [ '3.0.1' ],
33 silly audit   'd3-path': [ '3.1.0' ],
33 silly audit   'd3-scale': [ '4.0.2' ],
33 silly audit   'd3-shape': [ '3.2.0' ],
33 silly audit   'd3-time': [ '3.1.0' ],
33 silly audit   'd3-time-format': [ '4.1.0' ],
33 silly audit   'd3-timer': [ '3.0.1' ],
33 silly audit   debug: [ '4.4.3' ],
33 silly audit   'decimal.js': [ '10.6.0' ],
33 silly audit   'decimal.js-light': [ '2.5.1' ],
33 silly audit   'detect-gpu': [ '5.0.70' ],
33 silly audit   'dom-helpers': [ '5.2.1' ],
33 silly audit   draco3d: [ '1.5.7' ],
33 silly audit   'electron-to-chromium': [ '1.5.286' ],
33 silly audit   entities: [ '3.0.1' ],
33 silly audit   esbuild: [ '0.25.12' ],
33 silly audit   escalade: [ '3.2.0' ],
33 silly audit   eventemitter3: [ '4.0.7' ],
33 silly audit   'fast-equals': [ '5.4.0' ],
33 silly audit   fdir: [ '6.5.0' ],
33 silly audit   fflate: [ '0.8.2', '0.6.10' ],
33 silly audit   'framer-motion': [ '12.38.0' ],
33 silly audit   fsevents: [ '2.3.3' ],
33 silly audit   gensync: [ '1.0.0-beta.2' ],
33 silly audit   'glsl-noise': [ '0.0.0' ],
33 silly audit   'hls.js': [ '1.6.15' ],
33 silly audit   'hoist-non-react-statics': [ '3.3.2' ],
33 silly audit   html2canvas: [ '1.4.1' ],
33 silly audit   ieee754: [ '1.2.1' ],
33 silly audit   immediate: [ '3.0.6' ],
33 silly audit   internmap: [ '2.0.3' ],
33 silly audit   'intl-messageformat': [ '10.7.18' ],
33 silly audit   'is-promise': [ '2.2.2' ],
33 silly audit   isexe: [ '2.0.0' ],
33 silly audit   'its-fine': [ '2.0.0' ],
33 silly audit   'js-tokens': [ '4.0.0' ],
33 silly audit   jsesc: [ '3.1.0' ],
33 silly audit   json5: [ '2.2.3' ],
33 silly audit   lie: [ '3.3.0' ],
33 silly audit   lodash: [ '4.18.1' ],
33 silly audit   'lodash.clamp': [ '4.0.3' ],
33 silly audit   'lodash.debounce': [ '4.0.8' ],
33 silly audit   'loose-envify': [ '1.4.0' ],
33 silly audit   'lru-cache': [ '5.1.1' ],
33 silly audit   maath: [ '0.10.8' ],
33 silly audit   mdurl: [ '1.0.1' ],
33 silly audit   'merge-props': [ '6.0.0' ],
33 silly audit   meshline: [ '3.3.1' ],
33 silly audit   meshoptimizer: [ '0.18.1' ],
33 silly audit   minimist: [ '1.2.8' ],
33 silly audit   'motion-dom': [ '12.38.0' ],
33 silly audit   'motion-utils': [ '12.36.0' ],
33 silly audit   ms: [ '2.1.3' ],
33 silly audit   nanoid: [ '3.3.12' ],
33 silly audit   'node-releases': [ '2.0.27' ],
33 silly audit   'object-assign': [ '4.1.1' ],
33 silly audit   'path-key': [ '3.1.1' ],
33 silly audit   picocolors: [ '1.1.1' ],
33 silly audit   picomatch: [ '4.0.4' ],
33 silly audit   postcss: [ '8.5.15' ],
33 silly audit   potpack: [ '1.0.2' ],
33 silly audit   'promise-worker-transferable': [ '1.0.4' ],
33 silly audit   'prop-types': [ '15.8.1' ],
33 silly audit   react: [ '18.3.1' ],
33 silly audit   'react-dom': [ '18.3.1' ],
33 silly audit   'react-fast-compare': [ '3.2.2' ],
33 silly audit   'react-intl': [ '7.1.14' ],
33 silly audit   'react-is': [ '16.13.1', '18.3.1' ],
33 silly audit   'react-popper': [ '2.3.0' ],
33 silly audit   'react-refresh': [ '0.17.0' ],
33 silly audit   'react-smooth': [ '4.0.4' ],
33 silly audit   'react-transition-group': [ '4.4.5' ],
33 silly audit   'react-use-measure': [ '2.1.7' ],
33 silly audit   recharts: [ '2.15.4' ],
33 silly audit   'recharts-scale': [ '0.4.5' ],
33 silly audit   'require-from-string': [ '2.0.2' ],
33 silly audit   rollup: [ '4.60.4' ],
33 silly audit   semver: [ '6.3.1' ],
33 silly audit   'shebang-command': [ '2.0.0' ],
33 silly audit   'shebang-regex': [ '3.0.0' ],
33 silly audit   'source-map-js': [ '1.2.1' ],
33 silly audit   'stats-gl': [ '2.4.2' ],
33 silly audit   three: [ '0.170.0', '0.164.0' ],
33 silly audit   'stats.js': [ '0.17.0' ],
33 silly audit   'suspend-react': [ '0.1.3' ],
33 silly audit   tabbable: [ '6.4.0' ],
33 silly audit   'text-segmentation': [ '1.0.3' ],
33 silly audit   'three-mesh-bvh': [ '0.8.3' ],
33 silly audit   'three-stdlib': [ '2.36.1' ],
33 silly audit   'tiny-invariant': [ '1.3.3' ],
33 silly audit   tinyglobby: [ '0.2.15' ],
33 silly audit   'troika-three-text': [ '0.52.4' ],
33 silly audit   'troika-three-utils': [ '0.52.4' ],
33 silly audit   'troika-worker-utils': [ '0.52.0' ],
33 silly audit   tslib: [ '2.8.1' ],
33 silly audit   'tunnel-rat': [ '0.1.2' ],
33 silly audit   zustand: [ '4.5.7', '5.0.11' ],
33 silly audit   typescript: [ '5.9.3' ],
33 silly audit   'update-browserslist-db': [ '1.2.3' ],
33 silly audit   'use-sync-external-store': [ '1.6.0' ],
33 silly audit   'utility-types': [ '3.11.0' ],
33 silly audit   utrie: [ '1.0.2' ],
33 silly audit   'victory-vendor': [ '36.9.2' ],
33 silly audit   virtua: [ '0.48.5' ],
33 silly audit   vite: [ '6.4.2' ],
33 silly audit   warning: [ '4.0.3' ],
33 silly audit   'web-haptics': [ '0.0.6' ],
33 silly audit   'webgl-constants': [ '1.1.1' ],
33 silly audit   'webgl-sdf-generator': [ '1.1.1' ],
33 silly audit   which: [ '2.0.2' ],
33 silly audit   yallist: [ '3.1.1' ],
33 silly audit   '@rive-app/react-canvas': [ '4.29.1' ],
33 silly audit   '@rive-app/canvas': [ '2.38.1' ]
33 silly audit }
34 http cache @rive-app/canvas@https://registry.npmjs.org/@rive-app/canvas/-/canvas-2.38.1.tgz 0ms (cache hit)
35 http cache @rive-app/react-canvas@https://registry.npmjs.org/@rive-app/react-canvas/-/react-canvas-4.29.1.tgz 0ms (cache hit)
36 http cache @rollup/rollup-darwin-arm64@https://registry.npmjs.org/@rollup/rollup-darwin-arm64/-/rollup-darwin-arm64-4.60.4.tgz 0ms (cache hit)
37 http cache postcss@https://registry.npmjs.org/postcss/-/postcss-8.5.15.tgz 0ms (cache hit)
38 http cache rollup@https://registry.npmjs.org/rollup/-/rollup-4.60.4.tgz 0ms (cache hit)
39 http cache nanoid@https://registry.npmjs.org/nanoid/-/nanoid-3.3.12.tgz 0ms (cache hit)
40 silly tarball no local data for @rive-app/canvas@https://registry.npmjs.org/@rive-app/canvas/-/canvas-2.38.1.tgz. Extracting by manifest.
41 silly tarball no local data for @rive-app/react-canvas@https://registry.npmjs.org/@rive-app/react-canvas/-/react-canvas-4.29.1.tgz. Extracting by manifest.
42 silly tarball no local data for @rollup/rollup-darwin-arm64@https://registry.npmjs.org/@rollup/rollup-darwin-arm64/-/rollup-darwin-arm64-4.60.4.tgz. Extracting by manifest.
43 silly tarball no local data for postcss@https://registry.npmjs.org/postcss/-/postcss-8.5.15.tgz. Extracting by manifest.
44 silly tarball no local data for rollup@https://registry.npmjs.org/rollup/-/rollup-4.60.4.tgz. Extracting by manifest.
45 silly tarball no local data for nanoid@https://registry.npmjs.org/nanoid/-/nanoid-3.3.12.tgz. Extracting by manifest.
46 http fetch GET 200 https://registry.npmjs.org/nanoid/-/nanoid-3.3.12.tgz 107ms (cache miss)
47 http fetch GET 200 https://registry.npmjs.org/@rive-app/react-canvas/-/react-canvas-4.29.1.tgz 111ms (cache miss)
48 http fetch GET 200 https://registry.npmjs.org/postcss/-/postcss-8.5.15.tgz 123ms (cache miss)
49 http fetch GET 200 https://registry.npmjs.org/rollup/-/rollup-4.60.4.tgz 183ms (cache miss)
50 http fetch POST 200 https://registry.npmjs.org/-/npm/v1/security/advisories/bulk 349ms
51 silly audit report {
51 silly audit report   '@babel/core': [
51 silly audit report     {
51 silly audit report       id: 1120793,
51 silly audit report       url: 'https://github.com/advisories/GHSA-4x5r-pxfx-6jf8',
51 silly audit report       title: '@babel/core: Arbitrary File Read via sourceMappingURL Comment',
51 silly audit report       severity: 'low',
51 silly audit report       vulnerable_versions: '<=7.29.0',
51 silly audit report       cwe: [Array],
51 silly audit report       cvss: [Object]
51 silly audit report     }
51 silly audit report   ],
51 silly audit report   esbuild: [
51 silly audit report     {
51 silly audit report       id: 1120679,
51 silly audit report       url: 'https://github.com/advisories/GHSA-gv7w-rqvm-qjhr',
51 silly audit report       title: 'esbuild: Missing binary integrity verification in Deno module enables remote code execution via NPM_CONFIG_REGISTRY',
51 silly audit report       severity: 'high',
51 silly audit report       vulnerable_versions: '>=0.17.0 <0.28.1',
51 silly audit report       cwe: [Array],
51 silly audit report       cvss: [Object]
51 silly audit report     }
51 silly audit report   ],
51 silly audit report   vite: [
51 silly audit report     {
51 silly audit report       id: 1120784,
51 silly audit report       url: 'https://github.com/advisories/GHSA-v6wh-96g9-6wx3',
51 silly audit report       title: 'launch-editor: NTLMv2 hash disclosure via UNC path handling on Windows',
51 silly audit report       severity: 'moderate',
51 silly audit report       vulnerable_versions: '<=6.4.2',
51 silly audit report       cwe: [Array],
51 silly audit report       cvss: [Object]
51 silly audit report     },
51 silly audit report     {
51 silly audit report       id: 1120789,
51 silly audit report       url: 'https://github.com/advisories/GHSA-fx2h-pf6j-xcff',
51 silly audit report       title: 'vite: `server.fs.deny` bypass on Windows alternate paths',
51 silly audit report       severity: 'high',
51 silly audit report       vulnerable_versions: '<=6.4.2',
51 silly audit report       cwe: [Array],
51 silly audit report       cvss: [Object]
51 silly audit report     }
51 silly audit report   ]
51 silly audit report }
52 silly packumentCache corgi:https://registry.npmjs.org/@babel%2fcore cache-miss
53 silly packumentCache corgi:https://registry.npmjs.org/esbuild cache-miss
54 silly packumentCache corgi:https://registry.npmjs.org/vite cache-miss
55 http fetch GET 200 https://registry.npmjs.org/@babel%2fcore 208ms (cache miss)
56 silly packumentCache corgi:https://registry.npmjs.org/@babel%2fcore set size:undefined disposed:false
57 http fetch GET 200 https://registry.npmjs.org/esbuild 237ms (cache miss)
58 silly packumentCache corgi:https://registry.npmjs.org/esbuild set size:undefined disposed:false
59 http fetch GET 200 https://registry.npmjs.org/@rive-app/canvas/-/canvas-2.38.1.tgz 630ms (cache miss)
60 http fetch GET 200 https://registry.npmjs.org/@rollup/rollup-darwin-arm64/-/rollup-darwin-arm64-4.60.4.tgz 694ms (cache miss)
61 http fetch GET 200 https://registry.npmjs.org/vite 415ms (cache miss)
62 silly packumentCache corgi:https://registry.npmjs.org/vite set size:undefined disposed:false
63 silly packumentCache corgi:https://registry.npmjs.org/@vitejs%2fplugin-react cache-miss
64 http fetch GET 200 https://registry.npmjs.org/@vitejs%2fplugin-react 48ms (cache miss)
65 silly packumentCache corgi:https://registry.npmjs.org/@vitejs%2fplugin-react set size:undefined disposed:false
66 silly ADD node_modules/@rive-app/canvas
67 silly ADD node_modules/@rive-app/react-canvas
68 silly CHANGE node_modules/@rollup/rollup-darwin-arm64
69 silly CHANGE node_modules/rollup
70 silly CHANGE node_modules/postcss
71 silly CHANGE node_modules/nanoid
72 verbose cwd /Users/benhur.senabathi/Documents/Projects/CASS/wise-world/base-surfaces-mobile/mobile
73 verbose os Darwin 25.5.0
74 verbose node v26.0.0
75 verbose npm  v11.12.1
76 verbose exit 0
77 info ok
